<?xml version="1.0" encoding="UTF-8"?>
<robot generator="Robot 6.0.2 (Python 3.11.0 on win32)" generated="20230424 11:40:02.138" rpa="false" schemaversion="3">
<suite id="s1" name="Crm" source="C:\development\robot-scripts\crm end\tests\Crm.robot">
<test id="s1-t1" name="Home Page should load" line="18">
<kw name="Begin Web Test" library="Common" type="SETUP">
<kw name="Set Selenium Timeout" library="SeleniumLibrary">
<arg>10s</arg>
<doc>Sets the timeout that is used by various keywords.</doc>
<status status="PASS" starttime="20230424 11:40:02.319" endtime="20230424 11:40:02.320"/>
</kw>
<kw name="Open Browser" library="SeleniumLibrary">
<arg>about:blank</arg>
<arg>${BROWSER}</arg>
<doc>Opens a new browser instance to the optional ``url``.</doc>
<msg timestamp="20230424 11:40:02.320" level="INFO">Opening browser 'edge' to base url 'about:blank'.</msg>
<status status="PASS" starttime="20230424 11:40:02.320" endtime="20230424 11:40:03.712"/>
</kw>
<kw name="Set Window Position" library="SeleniumLibrary">
<arg>x=341</arg>
<arg>y=169</arg>
<doc>Sets window position using ``x`` and ``y`` coordinates.</doc>
<status status="PASS" starttime="20230424 11:40:03.712" endtime="20230424 11:40:03.834"/>
</kw>
<kw name="Set Window Size" library="SeleniumLibrary">
<arg>width=1935</arg>
<arg>height=1098</arg>
<doc>Sets current windows size to given ``width`` and ``height``.</doc>
<status status="PASS" starttime="20230424 11:40:03.834" endtime="20230424 11:40:03.969"/>
</kw>
<status status="PASS" starttime="20230424 11:40:02.319" endtime="20230424 11:40:03.969"/>
</kw>
<kw name="Go to &quot;Home&quot; Page" library="CrmApp">
<kw name="Navigate To" library="Home">
<kw name="Go To" library="SeleniumLibrary">
<arg>${URL}</arg>
<doc>Navigates the current browser window to the provided ``url``.</doc>
<msg timestamp="20230424 11:40:03.970" level="INFO">Opening url 'https://automationplayground.com/crm/'</msg>
<status status="PASS" starttime="20230424 11:40:03.970" endtime="20230424 11:40:04.540"/>
</kw>
<status status="PASS" starttime="20230424 11:40:03.970" endtime="20230424 11:40:04.540"/>
</kw>
<kw name="Verify Page Loaded" library="Home">
<kw name="Wait Until Page Contains" library="SeleniumLibrary">
<arg>${HOME_HEADER_URL}</arg>
<doc>Waits until ``text`` appears on the current page.</doc>
<status status="PASS" starttime="20230424 11:40:04.541" endtime="20230424 11:40:04.554"/>
</kw>
<status status="PASS" starttime="20230424 11:40:04.541" endtime="20230424 11:40:04.555"/>
</kw>
<status status="PASS" starttime="20230424 11:40:03.970" endtime="20230424 11:40:04.555"/>
</kw>
<kw name="End Web Test" library="Common" type="TEARDOWN">
<kw name="Close All Browsers" library="SeleniumLibrary">
<doc>Closes all open browsers and resets the browser cache.</doc>
<status status="PASS" starttime="20230424 11:40:04.556" endtime="20230424 11:40:10.761"/>
</kw>
<status status="PASS" starttime="20230424 11:40:04.555" endtime="20230424 11:40:10.761"/>
</kw>
<doc>Test the home page</doc>
<tag>1001</tag>
<tag>home</tag>
<tag>Smoke</tag>
<status status="PASS" starttime="20230424 11:40:02.319" endtime="20230424 11:40:10.762"/>
</test>
<test id="s1-t2" name="Should be able to Login With Valid Credentials" line="23">
<kw name="Begin Web Test" library="Common" type="SETUP">
<kw name="Set Selenium Timeout" library="SeleniumLibrary">
<arg>10s</arg>
<doc>Sets the timeout that is used by various keywords.</doc>
<status status="PASS" starttime="20230424 11:40:10.763" endtime="20230424 11:40:10.764"/>
</kw>
<kw name="Open Browser" library="SeleniumLibrary">
<arg>about:blank</arg>
<arg>${BROWSER}</arg>
<doc>Opens a new browser instance to the optional ``url``.</doc>
<msg timestamp="20230424 11:40:10.764" level="INFO">Opening browser 'edge' to base url 'about:blank'.</msg>
<status status="PASS" starttime="20230424 11:40:10.764" endtime="20230424 11:40:12.123"/>
</kw>
<kw name="Set Window Position" library="SeleniumLibrary">
<arg>x=341</arg>
<arg>y=169</arg>
<doc>Sets window position using ``x`` and ``y`` coordinates.</doc>
<status status="PASS" starttime="20230424 11:40:12.123" endtime="20230424 11:40:12.242"/>
</kw>
<kw name="Set Window Size" library="SeleniumLibrary">
<arg>width=1935</arg>
<arg>height=1098</arg>
<doc>Sets current windows size to given ``width`` and ``height``.</doc>
<status status="PASS" starttime="20230424 11:40:12.243" endtime="20230424 11:40:12.364"/>
</kw>
<status status="PASS" starttime="20230424 11:40:10.763" endtime="20230424 11:40:12.364"/>
</kw>
<kw name="Go to &quot;Home&quot; Page" library="CrmApp">
<kw name="Navigate To" library="Home">
<kw name="Go To" library="SeleniumLibrary">
<arg>${URL}</arg>
<doc>Navigates the current browser window to the provided ``url``.</doc>
<msg timestamp="20230424 11:40:12.365" level="INFO">Opening url 'https://automationplayground.com/crm/'</msg>
<status status="PASS" starttime="20230424 11:40:12.365" endtime="20230424 11:40:12.931"/>
</kw>
<status status="PASS" starttime="20230424 11:40:12.365" endtime="20230424 11:40:12.931"/>
</kw>
<kw name="Verify Page Loaded" library="Home">
<kw name="Wait Until Page Contains" library="SeleniumLibrary">
<arg>${HOME_HEADER_URL}</arg>
<doc>Waits until ``text`` appears on the current page.</doc>
<status status="PASS" starttime="20230424 11:40:12.931" endtime="20230424 11:40:12.948"/>
</kw>
<status status="PASS" starttime="20230424 11:40:12.931" endtime="20230424 11:40:12.948"/>
</kw>
<status status="PASS" starttime="20230424 11:40:12.365" endtime="20230424 11:40:12.948"/>
</kw>
<kw name="Login With Valid Credentials" library="CrmApp">
<arg>${VALID_LOGIN_EMAIL}</arg>
<arg>${VALID_LOGIN_PASSWORD}</arg>
<kw name="Click &quot;Sign In&quot; Link" library="TopNav">
<kw name="Click Link" library="SeleniumLibrary">
<arg>${TOPNAV_SIGNIN_LINK}</arg>
<doc>Clicks a link identified by ``locator``.</doc>
<msg timestamp="20230424 11:40:12.952" level="INFO">Clicking link 'id=SignIn'.</msg>
<status status="PASS" starttime="20230424 11:40:12.950" endtime="20230424 11:40:13.327"/>
</kw>
<status status="PASS" starttime="20230424 11:40:12.950" endtime="20230424 11:40:13.327"/>
</kw>
<kw name="Verify Page Loaded" library="SignIn">
<kw name="Wait Until Page Contains" library="SeleniumLibrary">
<arg>${SIGNIN_HEADER_LABEL}</arg>
<doc>Waits until ``text`` appears on the current page.</doc>
<status status="PASS" starttime="20230424 11:40:13.327" endtime="20230424 11:40:13.339"/>
</kw>
<status status="PASS" starttime="20230424 11:40:13.327" endtime="20230424 11:40:13.339"/>
</kw>
<kw name="Login With Valid Credentials" library="SignIn">
<arg>${Email}</arg>
<arg>${Password}</arg>
<kw name="Fill &quot;Email&quot; Field" library="SignIn">
<arg>${Email}</arg>
<kw name="Input Text" library="SeleniumLibrary">
<arg>${SIGNIN_EMAIL_TEXTBOX}</arg>
<arg>${Email}</arg>
<doc>Types the given ``text`` into the text field identified by ``locator``.</doc>
<msg timestamp="20230424 11:40:13.340" level="INFO">Typing text 'admin@robotframeworktutorial.com' into text field 'id=email-id'.</msg>
<status status="PASS" starttime="20230424 11:40:13.339" endtime="20230424 11:40:13.457"/>
</kw>
<status status="PASS" starttime="20230424 11:40:13.339" endtime="20230424 11:40:13.458"/>
</kw>
<kw name="Fill &quot;Password&quot; Field" library="SignIn">
<arg>${Password}</arg>
<kw name="Input Text" library="SeleniumLibrary">
<arg>${SIGNIN_PASSWORD_TEXTBOX}</arg>
<arg>${Password}</arg>
<doc>Types the given ``text`` into the text field identified by ``locator``.</doc>
<msg timestamp="20230424 11:40:13.459" level="INFO">Typing text 'MyPassword!' into text field 'id=password'.</msg>
<status status="PASS" starttime="20230424 11:40:13.458" endtime="20230424 11:40:13.557"/>
</kw>
<status status="PASS" starttime="20230424 11:40:13.458" endtime="20230424 11:40:13.557"/>
</kw>
<kw name="Click &quot;Submit&quot; Button" library="SignIn">
<kw name="Click Button" library="SeleniumLibrary">
<arg>${SIGNIN_SUBMIT_BUTTON}</arg>
<doc>Clicks the button identified by ``locator``.</doc>
<msg timestamp="20230424 11:40:13.558" level="INFO">Clicking button 'Submit'.</msg>
<status status="PASS" starttime="20230424 11:40:13.558" endtime="20230424 11:40:13.897"/>
</kw>
<status status="PASS" starttime="20230424 11:40:13.558" endtime="20230424 11:40:13.897"/>
</kw>
<status status="PASS" starttime="20230424 11:40:13.339" endtime="20230424 11:40:13.897"/>
</kw>
<kw name="Verify Page Loaded" library="Customers">
<kw name="Wait Until Page Contains" library="SeleniumLibrary">
<arg>${CUSTOMERS_HEADER_LABEL}</arg>
<doc>Waits until ``text`` appears on the current page.</doc>
<status status="PASS" starttime="20230424 11:40:13.897" endtime="20230424 11:40:13.913"/>
</kw>
<status status="PASS" starttime="20230424 11:40:13.897" endtime="20230424 11:40:13.913"/>
</kw>
<status status="PASS" starttime="20230424 11:40:12.949" endtime="20230424 11:40:13.913"/>
</kw>
<kw name="End Web Test" library="Common" type="TEARDOWN">
<kw name="Close All Browsers" library="SeleniumLibrary">
<doc>Closes all open browsers and resets the browser cache.</doc>
<status status="PASS" starttime="20230424 11:40:13.914" endtime="20230424 11:40:20.237"/>
</kw>
<status status="PASS" starttime="20230424 11:40:13.913" endtime="20230424 11:40:20.237"/>
</kw>
<doc>Test the Login</doc>
<tag>1002</tag>
<tag>Login</tag>
<tag>Smoke</tag>
<status status="PASS" starttime="20230424 11:40:10.762" endtime="20230424 11:40:20.238"/>
</test>
<test id="s1-t3" name="Should be able to Log Out" line="29">
<kw name="Begin Web Test" library="Common" type="SETUP">
<kw name="Set Selenium Timeout" library="SeleniumLibrary">
<arg>10s</arg>
<doc>Sets the timeout that is used by various keywords.</doc>
<status status="PASS" starttime="20230424 11:40:20.239" endtime="20230424 11:40:20.240"/>
</kw>
<kw name="Open Browser" library="SeleniumLibrary">
<arg>about:blank</arg>
<arg>${BROWSER}</arg>
<doc>Opens a new browser instance to the optional ``url``.</doc>
<msg timestamp="20230424 11:40:20.240" level="INFO">Opening browser 'edge' to base url 'about:blank'.</msg>
<status status="PASS" starttime="20230424 11:40:20.240" endtime="20230424 11:40:21.433"/>
</kw>
<kw name="Set Window Position" library="SeleniumLibrary">
<arg>x=341</arg>
<arg>y=169</arg>
<doc>Sets window position using ``x`` and ``y`` coordinates.</doc>
<status status="PASS" starttime="20230424 11:40:21.433" endtime="20230424 11:40:21.543"/>
</kw>
<kw name="Set Window Size" library="SeleniumLibrary">
<arg>width=1935</arg>
<arg>height=1098</arg>
<doc>Sets current windows size to given ``width`` and ``height``.</doc>
<status status="PASS" starttime="20230424 11:40:21.543" endtime="20230424 11:40:21.665"/>
</kw>
<status status="PASS" starttime="20230424 11:40:20.239" endtime="20230424 11:40:21.667"/>
</kw>
<kw name="Go to &quot;Home&quot; Page" library="CrmApp">
<kw name="Navigate To" library="Home">
<kw name="Go To" library="SeleniumLibrary">
<arg>${URL}</arg>
<doc>Navigates the current browser window to the provided ``url``.</doc>
<msg timestamp="20230424 11:40:21.668" level="INFO">Opening url 'https://automationplayground.com/crm/'</msg>
<status status="PASS" starttime="20230424 11:40:21.668" endtime="20230424 11:40:22.265"/>
</kw>
<status status="PASS" starttime="20230424 11:40:21.668" endtime="20230424 11:40:22.265"/>
</kw>
<kw name="Verify Page Loaded" library="Home">
<kw name="Wait Until Page Contains" library="SeleniumLibrary">
<arg>${HOME_HEADER_URL}</arg>
<doc>Waits until ``text`` appears on the current page.</doc>
<status status="PASS" starttime="20230424 11:40:22.265" endtime="20230424 11:40:22.279"/>
</kw>
<status status="PASS" starttime="20230424 11:40:22.265" endtime="20230424 11:40:22.280"/>
</kw>
<status status="PASS" starttime="20230424 11:40:21.667" endtime="20230424 11:40:22.280"/>
</kw>
<kw name="Login With Valid Credentials" library="CrmApp">
<arg>${VALID_LOGIN_EMAIL}</arg>
<arg>${VALID_LOGIN_PASSWORD}</arg>
<kw name="Click &quot;Sign In&quot; Link" library="TopNav">
<kw name="Click Link" library="SeleniumLibrary">
<arg>${TOPNAV_SIGNIN_LINK}</arg>
<doc>Clicks a link identified by ``locator``.</doc>
<msg timestamp="20230424 11:40:22.282" level="INFO">Clicking link 'id=SignIn'.</msg>
<status status="PASS" starttime="20230424 11:40:22.281" endtime="20230424 11:40:22.680"/>
</kw>
<status status="PASS" starttime="20230424 11:40:22.281" endtime="20230424 11:40:22.680"/>
</kw>
<kw name="Verify Page Loaded" library="SignIn">
<kw name="Wait Until Page Contains" library="SeleniumLibrary">
<arg>${SIGNIN_HEADER_LABEL}</arg>
<doc>Waits until ``text`` appears on the current page.</doc>
<status status="PASS" starttime="20230424 11:40:22.680" endtime="20230424 11:40:22.691"/>
</kw>
<status status="PASS" starttime="20230424 11:40:22.680" endtime="20230424 11:40:22.691"/>
</kw>
<kw name="Login With Valid Credentials" library="SignIn">
<arg>${Email}</arg>
<arg>${Password}</arg>
<kw name="Fill &quot;Email&quot; Field" library="SignIn">
<arg>${Email}</arg>
<kw name="Input Text" library="SeleniumLibrary">
<arg>${SIGNIN_EMAIL_TEXTBOX}</arg>
<arg>${Email}</arg>
<doc>Types the given ``text`` into the text field identified by ``locator``.</doc>
<msg timestamp="20230424 11:40:22.692" level="INFO">Typing text 'admin@robotframeworktutorial.com' into text field 'id=email-id'.</msg>
<status status="PASS" starttime="20230424 11:40:22.692" endtime="20230424 11:40:22.801"/>
</kw>
<status status="PASS" starttime="20230424 11:40:22.692" endtime="20230424 11:40:22.801"/>
</kw>
<kw name="Fill &quot;Password&quot; Field" library="SignIn">
<arg>${Password}</arg>
<kw name="Input Text" library="SeleniumLibrary">
<arg>${SIGNIN_PASSWORD_TEXTBOX}</arg>
<arg>${Password}</arg>
<doc>Types the given ``text`` into the text field identified by ``locator``.</doc>
<msg timestamp="20230424 11:40:22.802" level="INFO">Typing text 'MyPassword!' into text field 'id=password'.</msg>
<status status="PASS" starttime="20230424 11:40:22.802" endtime="20230424 11:40:22.896"/>
</kw>
<status status="PASS" starttime="20230424 11:40:22.801" endtime="20230424 11:40:22.896"/>
</kw>
<kw name="Click &quot;Submit&quot; Button" library="SignIn">
<kw name="Click Button" library="SeleniumLibrary">
<arg>${SIGNIN_SUBMIT_BUTTON}</arg>
<doc>Clicks the button identified by ``locator``.</doc>
<msg timestamp="20230424 11:40:22.897" level="INFO">Clicking button 'Submit'.</msg>
<status status="PASS" starttime="20230424 11:40:22.896" endtime="20230424 11:40:23.217"/>
</kw>
<status status="PASS" starttime="20230424 11:40:22.896" endtime="20230424 11:40:23.217"/>
</kw>
<status status="PASS" starttime="20230424 11:40:22.691" endtime="20230424 11:40:23.217"/>
</kw>
<kw name="Verify Page Loaded" library="Customers">
<kw name="Wait Until Page Contains" library="SeleniumLibrary">
<arg>${CUSTOMERS_HEADER_LABEL}</arg>
<doc>Waits until ``text`` appears on the current page.</doc>
<status status="PASS" starttime="20230424 11:40:23.217" endtime="20230424 11:40:23.230"/>
</kw>
<status status="PASS" starttime="20230424 11:40:23.217" endtime="20230424 11:40:23.230"/>
</kw>
<status status="PASS" starttime="20230424 11:40:22.280" endtime="20230424 11:40:23.231"/>
</kw>
<kw name="Sign Out" library="CrmApp">
<kw name="Click &quot;Sign Out&quot; Link" library="TopNav">
<kw name="Click Link" library="SeleniumLibrary">
<arg>${TOPNAV_SIGNOUT_LINK}</arg>
<doc>Clicks a link identified by ``locator``.</doc>
<msg timestamp="20230424 11:40:23.232" level="INFO">Clicking link 'Sign Out'.</msg>
<status status="PASS" starttime="20230424 11:40:23.232" endtime="20230424 11:40:23.453"/>
</kw>
<status status="PASS" starttime="20230424 11:40:23.231" endtime="20230424 11:40:23.453"/>
</kw>
<kw name="Verify Page Loaded" library="LoggedOut">
<kw name="Wait Until Page Contains" library="SeleniumLibrary">
<arg>${LOGGEDOUT_HEADER_LABEL}</arg>
<doc>Waits until ``text`` appears on the current page.</doc>
<status status="PASS" starttime="20230424 11:40:23.454" endtime="20230424 11:40:23.468"/>
</kw>
<status status="PASS" starttime="20230424 11:40:23.453" endtime="20230424 11:40:23.468"/>
</kw>
<status status="PASS" starttime="20230424 11:40:23.231" endtime="20230424 11:40:23.469"/>
</kw>
<kw name="End Web Test" library="Common" type="TEARDOWN">
<kw name="Close All Browsers" library="SeleniumLibrary">
<doc>Closes all open browsers and resets the browser cache.</doc>
<status status="PASS" starttime="20230424 11:40:23.470" endtime="20230424 11:40:29.735"/>
</kw>
<status status="PASS" starttime="20230424 11:40:23.469" endtime="20230424 11:40:29.735"/>
</kw>
<doc>Test the Log out</doc>
<tag>1004</tag>
<tag>Logout</tag>
<tag>Smoke</tag>
<status status="PASS" starttime="20230424 11:40:20.239" endtime="20230424 11:40:29.736"/>
</test>
<test id="s1-t4" name="Should be able to add new customer" line="36">
<kw name="Begin Web Test" library="Common" type="SETUP">
<kw name="Set Selenium Timeout" library="SeleniumLibrary">
<arg>10s</arg>
<doc>Sets the timeout that is used by various keywords.</doc>
<status status="PASS" starttime="20230424 11:40:29.738" endtime="20230424 11:40:29.739"/>
</kw>
<kw name="Open Browser" library="SeleniumLibrary">
<arg>about:blank</arg>
<arg>${BROWSER}</arg>
<doc>Opens a new browser instance to the optional ``url``.</doc>
<msg timestamp="20230424 11:40:29.739" level="INFO">Opening browser 'edge' to base url 'about:blank'.</msg>
<status status="PASS" starttime="20230424 11:40:29.739" endtime="20230424 11:40:30.939"/>
</kw>
<kw name="Set Window Position" library="SeleniumLibrary">
<arg>x=341</arg>
<arg>y=169</arg>
<doc>Sets window position using ``x`` and ``y`` coordinates.</doc>
<status status="PASS" starttime="20230424 11:40:30.939" endtime="20230424 11:40:31.047"/>
</kw>
<kw name="Set Window Size" library="SeleniumLibrary">
<arg>width=1935</arg>
<arg>height=1098</arg>
<doc>Sets current windows size to given ``width`` and ``height``.</doc>
<status status="PASS" starttime="20230424 11:40:31.047" endtime="20230424 11:40:31.171"/>
</kw>
<status status="PASS" starttime="20230424 11:40:29.738" endtime="20230424 11:40:31.171"/>
</kw>
<kw name="Go to &quot;Home&quot; Page" library="CrmApp">
<kw name="Navigate To" library="Home">
<kw name="Go To" library="SeleniumLibrary">
<arg>${URL}</arg>
<doc>Navigates the current browser window to the provided ``url``.</doc>
<msg timestamp="20230424 11:40:31.173" level="INFO">Opening url 'https://automationplayground.com/crm/'</msg>
<status status="PASS" starttime="20230424 11:40:31.173" endtime="20230424 11:40:31.740"/>
</kw>
<status status="PASS" starttime="20230424 11:40:31.172" endtime="20230424 11:40:31.740"/>
</kw>
<kw name="Verify Page Loaded" library="Home">
<kw name="Wait Until Page Contains" library="SeleniumLibrary">
<arg>${HOME_HEADER_URL}</arg>
<doc>Waits until ``text`` appears on the current page.</doc>
<status status="PASS" starttime="20230424 11:40:31.741" endtime="20230424 11:40:31.755"/>
</kw>
<status status="PASS" starttime="20230424 11:40:31.740" endtime="20230424 11:40:31.755"/>
</kw>
<status status="PASS" starttime="20230424 11:40:31.172" endtime="20230424 11:40:31.755"/>
</kw>
<kw name="Login With Valid Credentials" library="CrmApp">
<arg>${VALID_LOGIN_EMAIL}</arg>
<arg>${VALID_LOGIN_PASSWORD}</arg>
<kw name="Click &quot;Sign In&quot; Link" library="TopNav">
<kw name="Click Link" library="SeleniumLibrary">
<arg>${TOPNAV_SIGNIN_LINK}</arg>
<doc>Clicks a link identified by ``locator``.</doc>
<msg timestamp="20230424 11:40:31.757" level="INFO">Clicking link 'id=SignIn'.</msg>
<status status="PASS" starttime="20230424 11:40:31.756" endtime="20230424 11:40:32.148"/>
</kw>
<status status="PASS" starttime="20230424 11:40:31.756" endtime="20230424 11:40:32.148"/>
</kw>
<kw name="Verify Page Loaded" library="SignIn">
<kw name="Wait Until Page Contains" library="SeleniumLibrary">
<arg>${SIGNIN_HEADER_LABEL}</arg>
<doc>Waits until ``text`` appears on the current page.</doc>
<status status="PASS" starttime="20230424 11:40:32.149" endtime="20230424 11:40:32.161"/>
</kw>
<status status="PASS" starttime="20230424 11:40:32.148" endtime="20230424 11:40:32.161"/>
</kw>
<kw name="Login With Valid Credentials" library="SignIn">
<arg>${Email}</arg>
<arg>${Password}</arg>
<kw name="Fill &quot;Email&quot; Field" library="SignIn">
<arg>${Email}</arg>
<kw name="Input Text" library="SeleniumLibrary">
<arg>${SIGNIN_EMAIL_TEXTBOX}</arg>
<arg>${Email}</arg>
<doc>Types the given ``text`` into the text field identified by ``locator``.</doc>
<msg timestamp="20230424 11:40:32.163" level="INFO">Typing text 'admin@robotframeworktutorial.com' into text field 'id=email-id'.</msg>
<status status="PASS" starttime="20230424 11:40:32.162" endtime="20230424 11:40:32.274"/>
</kw>
<status status="PASS" starttime="20230424 11:40:32.162" endtime="20230424 11:40:32.274"/>
</kw>
<kw name="Fill &quot;Password&quot; Field" library="SignIn">
<arg>${Password}</arg>
<kw name="Input Text" library="SeleniumLibrary">
<arg>${SIGNIN_PASSWORD_TEXTBOX}</arg>
<arg>${Password}</arg>
<doc>Types the given ``text`` into the text field identified by ``locator``.</doc>
<msg timestamp="20230424 11:40:32.275" level="INFO">Typing text 'MyPassword!' into text field 'id=password'.</msg>
<status status="PASS" starttime="20230424 11:40:32.275" endtime="20230424 11:40:32.369"/>
</kw>
<status status="PASS" starttime="20230424 11:40:32.274" endtime="20230424 11:40:32.370"/>
</kw>
<kw name="Click &quot;Submit&quot; Button" library="SignIn">
<kw name="Click Button" library="SeleniumLibrary">
<arg>${SIGNIN_SUBMIT_BUTTON}</arg>
<doc>Clicks the button identified by ``locator``.</doc>
<msg timestamp="20230424 11:40:32.371" level="INFO">Clicking button 'Submit'.</msg>
<status status="PASS" starttime="20230424 11:40:32.371" endtime="20230424 11:40:32.675"/>
</kw>
<status status="PASS" starttime="20230424 11:40:32.370" endtime="20230424 11:40:32.675"/>
</kw>
<status status="PASS" starttime="20230424 11:40:32.161" endtime="20230424 11:40:32.676"/>
</kw>
<kw name="Verify Page Loaded" library="Customers">
<kw name="Wait Until Page Contains" library="SeleniumLibrary">
<arg>${CUSTOMERS_HEADER_LABEL}</arg>
<doc>Waits until ``text`` appears on the current page.</doc>
<status status="PASS" starttime="20230424 11:40:32.676" endtime="20230424 11:40:32.690"/>
</kw>
<status status="PASS" starttime="20230424 11:40:32.676" endtime="20230424 11:40:32.690"/>
</kw>
<status status="PASS" starttime="20230424 11:40:31.756" endtime="20230424 11:40:32.690"/>
</kw>
<kw name="Add New Customer" library="CrmApp">
<kw name="Click Add Customer Link" library="Customers">
<kw name="Click Link" library="SeleniumLibrary">
<arg>${CUSTOMERS_ADD_CUSTOMER_LINK}</arg>
<doc>Clicks a link identified by ``locator``.</doc>
<msg timestamp="20230424 11:40:32.692" level="INFO">Clicking link 'id=new-customer'.</msg>
<status status="PASS" starttime="20230424 11:40:32.691" endtime="20230424 11:40:33.009"/>
</kw>
<status status="PASS" starttime="20230424 11:40:32.691" endtime="20230424 11:40:33.010"/>
</kw>
<kw name="Verify Page Loaded" library="AddCustomer">
<kw name="Wait Until Page Contains" library="SeleniumLibrary">
<arg>${ADDCUSTOMER_HEADER_LABEL}</arg>
<doc>Waits until ``text`` appears on the current page.</doc>
<status status="PASS" starttime="20230424 11:40:33.011" endtime="20230424 11:40:33.023"/>
</kw>
<status status="PASS" starttime="20230424 11:40:33.010" endtime="20230424 11:40:33.023"/>
</kw>
<kw name="Add New Customer" library="AddCustomer">
<kw name="Fill Customer Fields" library="AddCustomer">
<kw name="Input Text" library="SeleniumLibrary">
<arg>${ADDCUSTOMER_EMAIL_TEXTBOX}</arg>
<arg>janedoe@gmail.com</arg>
<doc>Types the given ``text`` into the text field identified by ``locator``.</doc>
<msg timestamp="20230424 11:40:33.024" level="INFO">Typing text 'janedoe@gmail.com' into text field 'id=EmailAddress'.</msg>
<status status="PASS" starttime="20230424 11:40:33.024" endtime="20230424 11:40:33.110"/>
</kw>
<kw name="Input Text" library="SeleniumLibrary">
<arg>${ADDCUSTOMER_FIRST_NAME_TEXTBOX}</arg>
<arg>Jane</arg>
<doc>Types the given ``text`` into the text field identified by ``locator``.</doc>
<msg timestamp="20230424 11:40:33.112" level="INFO">Typing text 'Jane' into text field 'id=FirstName'.</msg>
<status status="PASS" starttime="20230424 11:40:33.111" endtime="20230424 11:40:33.189"/>
</kw>
<kw name="Input Text" library="SeleniumLibrary">
<arg>${ADDCUSTOMER_LAST_NAME_TEXTBOX}</arg>
<arg>Doe</arg>
<doc>Types the given ``text`` into the text field identified by ``locator``.</doc>
<msg timestamp="20230424 11:40:33.190" level="INFO">Typing text 'Doe' into text field 'id=LastName'.</msg>
<status status="PASS" starttime="20230424 11:40:33.189" endtime="20230424 11:40:33.269"/>
</kw>
<kw name="Input Text" library="SeleniumLibrary">
<arg>${ADDCUSTOMER_CITY_TEXTBOX}</arg>
<arg>Dallas</arg>
<doc>Types the given ``text`` into the text field identified by ``locator``.</doc>
<msg timestamp="20230424 11:40:33.270" level="INFO">Typing text 'Dallas' into text field 'id=City'.</msg>
<status status="PASS" starttime="20230424 11:40:33.269" endtime="20230424 11:40:33.344"/>
</kw>
<kw name="Select From List By Value" library="SeleniumLibrary">
<arg>${ADDCUSTOMER_STATE_DROPDOWN}</arg>
<arg>TX</arg>
<doc>Selects options from selection list ``locator`` by ``values``.</doc>
<msg timestamp="20230424 11:40:33.345" level="INFO">Selecting options from selection list 'id=StateOrRegion' by value TX.</msg>
<status status="PASS" starttime="20230424 11:40:33.345" endtime="20230424 11:40:33.422"/>
</kw>
<kw name="Select Radio Button" library="SeleniumLibrary">
<arg>${ADDCUSTOMER_GENDER_RADIO}</arg>
<arg>female</arg>
<doc>Sets the radio button group ``group_name`` to ``value``.</doc>
<msg timestamp="20230424 11:40:33.422" level="INFO">Selecting 'female' from radio button 'gender'.</msg>
<status status="PASS" starttime="20230424 11:40:33.422" endtime="20230424 11:40:33.469"/>
</kw>
<kw name="Select Checkbox" library="SeleniumLibrary">
<arg>${ADDCUSTOMER_PROMO_CHECKBOX}</arg>
<doc>Selects the checkbox identified by ``locator``.</doc>
<msg timestamp="20230424 11:40:33.470" level="INFO">Selecting checkbox 'name=promos-name'.</msg>
<status status="PASS" starttime="20230424 11:40:33.469" endtime="20230424 11:40:33.532"/>
</kw>
<status status="PASS" starttime="20230424 11:40:33.024" endtime="20230424 11:40:33.533"/>
</kw>
<kw name="CLick Submit Button" library="AddCustomer">
<kw name="Click Button" library="SeleniumLibrary">
<arg>${ADDCUSTOMER_SUBMIT_BUTTON}</arg>
<doc>Clicks the button identified by ``locator``.</doc>
<msg timestamp="20230424 11:40:33.533" level="INFO">Clicking button 'Submit'.</msg>
<status status="PASS" starttime="20230424 11:40:33.533" endtime="20230424 11:40:33.734"/>
</kw>
<status status="PASS" starttime="20230424 11:40:33.533" endtime="20230424 11:40:33.734"/>
</kw>
<status status="PASS" starttime="20230424 11:40:33.023" endtime="20230424 11:40:33.734"/>
</kw>
<kw name="Verify Customer Added Successfully" library="Customers">
<kw name="Wait Until Page Contains" library="SeleniumLibrary">
<arg>${CUSTOMERS_CUSTOMER_SUCCESS_LABEL}</arg>
<doc>Waits until ``text`` appears on the current page.</doc>
<status status="PASS" starttime="20230424 11:40:33.734" endtime="20230424 11:40:33.746"/>
</kw>
<status status="PASS" starttime="20230424 11:40:33.734" endtime="20230424 11:40:33.747"/>
</kw>
<status status="PASS" starttime="20230424 11:40:32.691" endtime="20230424 11:40:33.747"/>
</kw>
<kw name="Sign Out" library="CrmApp">
<kw name="Click &quot;Sign Out&quot; Link" library="TopNav">
<kw name="Click Link" library="SeleniumLibrary">
<arg>${TOPNAV_SIGNOUT_LINK}</arg>
<doc>Clicks a link identified by ``locator``.</doc>
<msg timestamp="20230424 11:40:33.748" level="INFO">Clicking link 'Sign Out'.</msg>
<status status="PASS" starttime="20230424 11:40:33.748" endtime="20230424 11:40:33.933"/>
</kw>
<status status="PASS" starttime="20230424 11:40:33.747" endtime="20230424 11:40:33.933"/>
</kw>
<kw name="Verify Page Loaded" library="LoggedOut">
<kw name="Wait Until Page Contains" library="SeleniumLibrary">
<arg>${LOGGEDOUT_HEADER_LABEL}</arg>
<doc>Waits until ``text`` appears on the current page.</doc>
<status status="PASS" starttime="20230424 11:40:33.934" endtime="20230424 11:40:33.944"/>
</kw>
<status status="PASS" starttime="20230424 11:40:33.934" endtime="20230424 11:40:33.945"/>
</kw>
<status status="PASS" starttime="20230424 11:40:33.747" endtime="20230424 11:40:33.945"/>
</kw>
<kw name="End Web Test" library="Common" type="TEARDOWN">
<kw name="Close All Browsers" library="SeleniumLibrary">
<doc>Closes all open browsers and resets the browser cache.</doc>
<status status="PASS" starttime="20230424 11:40:33.945" endtime="20230424 11:40:40.226"/>
</kw>
<status status="PASS" starttime="20230424 11:40:33.945" endtime="20230424 11:40:40.226"/>
</kw>
<doc>Test adding a new customer!</doc>
<tag>1006</tag>
<tag>Contacts</tag>
<tag>Smoke</tag>
<status status="PASS" starttime="20230424 11:40:29.738" endtime="20230424 11:40:40.226"/>
</test>
<doc>This is some basic info about the whole suite</doc>
<status status="PASS" starttime="20230424 11:40:02.139" endtime="20230424 11:40:40.227"/>
</suite>
<statistics>
<total>
<stat pass="4" fail="0" skip="0">All Tests</stat>
</total>
<tag>
<stat pass="1" fail="0" skip="0">1001</stat>
<stat pass="1" fail="0" skip="0">1002</stat>
<stat pass="1" fail="0" skip="0">1004</stat>
<stat pass="1" fail="0" skip="0">1006</stat>
<stat pass="1" fail="0" skip="0">Contacts</stat>
<stat pass="1" fail="0" skip="0">home</stat>
<stat pass="1" fail="0" skip="0">Login</stat>
<stat pass="1" fail="0" skip="0">Logout</stat>
<stat pass="4" fail="0" skip="0">Smoke</stat>
</tag>
<suite>
<stat pass="4" fail="0" skip="0" id="s1" name="Crm">Crm</stat>
</suite>
</statistics>
<errors>
</errors>
</robot>
